# JRE version: OpenJDK Runtime Environment (11.0.12+7) (build 11.0.12+7-b1504.28-7817840)
# Java VM: OpenJDK 64-Bit Server VM (11.0.12+7-b1504.28-7817840, mixed mode, tiered, compressed oops, g1 gc, windows-amd64)
Heap:
 garbage-first heap   total 560128K, used 236140K [0x0000000080000000, 0x0000000100000000)
  region size 1024K, 8 young (8192K), 8 survivors (8192K)
 Metaspace       used 107633K, capacity 110570K, committed 110668K, reserved 1144832K
  class space    used 13993K, capacity 15151K, committed 15180K, reserved 1048576K
GC Heap History (20 events):
Event: 26.546 GC heap after
{Heap after GC invocations=47 (full 0):
 garbage-first heap   total 495616K, used 213309K [0x0000000080000000, 0x0000000100000000)
  region size 1024K, 6 young (6144K), 6 survivors (6144K)
 Metaspace       used 105014K, capacity 107517K, committed 107596K, reserved 1142784K
  class space    used 13637K, capacity 14607K, committed 14668K, reserved 1048576K
}
Event: 26.884 GC heap before
{Heap before GC invocations=47 (full 0):
 garbage-first heap   total 495616K, used 403773K [0x0000000080000000, 0x0000000100000000)
  region size 1024K, 192 young (196608K), 6 survivors (6144K)
 Metaspace       used 105173K, capacity 107696K, committed 107852K, reserved 1142784K
  class space    used 13657K, capacity 14624K, committed 14668K, reserved 1048576K
}
Event: 26.893 GC heap after
{Heap after GC invocations=48 (full 0):
 garbage-first heap   total 495616K, used 213178K [0x0000000080000000, 0x0000000100000000)
  region size 1024K, 6 young (6144K), 6 survivors (6144K)
 Metaspace       used 105173K, capacity 107696K, committed 107852K, reserved 1142784K
  class space    used 13657K, capacity 14624K, committed 14668K, reserved 1048576K
}
Event: 27.242 GC heap before
{Heap before GC invocations=48 (full 0):
 garbage-first heap   total 495616K, used 416954K [0x0000000080000000, 0x0000000100000000)
  region size 1024K, 205 young (209920K), 6 survivors (6144K)
 Metaspace       used 105344K, capacity 107847K, committed 107980K, reserved 1142784K
  class space    used 13682K, capacity 14674K, committed 14796K, reserved 1048576K
}
Event: 27.253 GC heap after
{Heap after GC invocations=49 (full 0):
 garbage-first heap   total 495616K, used 214088K [0x0000000080000000, 0x0000000100000000)
  region size 1024K, 7 young (7168K), 7 survivors (7168K)
 Metaspace       used 105344K, capacity 107847K, committed 107980K, reserved 1142784K
  class space    used 13682K, capacity 14674K, committed 14796K, reserved 1048576K
}
Event: 27.601 GC heap before
{Heap before GC invocations=49 (full 0):
 garbage-first heap   total 495616K, used 421960K [0x0000000080000000, 0x0000000100000000)
  region size 1024K, 210 young (215040K), 7 survivors (7168K)
 Metaspace       used 105457K, capacity 107987K, committed 108236K, reserved 1142784K
  class space    used 13698K, capacity 14678K, committed 14796K, reserved 1048576K
}
Event: 27.613 GC heap after
{Heap after GC invocations=50 (full 0):
 garbage-first heap   total 495616K, used 215819K [0x0000000080000000, 0x0000000100000000)
  region size 1024K, 8 young (8192K), 8 survivors (8192K)
 Metaspace       used 105457K, capacity 107987K, committed 108236K, reserved 1142784K
  class space    used 13698K, capacity 14678K, committed 14796K, reserved 1048576K
}
Event: 27.897 GC heap before
{Heap before GC invocations=50 (full 0):
 garbage-first heap   total 495616K, used 426763K [0x0000000080000000, 0x0000000100000000)
  region size 1024K, 214 young (219136K), 8 survivors (8192K)
 Metaspace       used 105557K, capacity 108145K, committed 108492K, reserved 1142784K
  class space    used 13709K, capacity 14688K, committed 14796K, reserved 1048576K
}
Event: 27.910 GC heap after
{Heap after GC invocations=51 (full 0):
 garbage-first heap   total 495616K, used 216361K [0x0000000080000000, 0x0000000100000000)
  region size 1024K, 9 young (9216K), 9 survivors (9216K)
 Metaspace       used 105557K, capacity 108145K, committed 108492K, reserved 1142784K
  class space    used 13709K, capacity 14688K, committed 14796K, reserved 1048576K
}
Event: 28.237 GC heap before
{Heap before GC invocations=51 (full 0):
 garbage-first heap   total 495616K, used 427305K [0x0000000080000000, 0x0000000100000000)
  region size 1024K, 215 young (220160K), 9 survivors (9216K)
 Metaspace       used 106137K, capacity 108781K, committed 109132K, reserved 1142784K
  class space    used 13792K, capacity 14813K, committed 14924K, reserved 1048576K
}
Event: 28.249 GC heap after
{Heap after GC invocations=52 (full 0):
 garbage-first heap   total 495616K, used 216963K [0x0000000080000000, 0x0000000100000000)
  region size 1024K, 9 young (9216K), 9 survivors (9216K)
 Metaspace       used 106137K, capacity 108781K, committed 109132K, reserved 1142784K
  class space    used 13792K, capacity 14813K, committed 14924K, reserved 1048576K
}
Event: 28.679 GC heap before
{Heap before GC invocations=52 (full 0):
 garbage-first heap   total 495616K, used 429955K [0x0000000080000000, 0x0000000100000000)
  region size 1024K, 217 young (222208K), 9 survivors (9216K)
 Metaspace       used 106978K, capacity 109760K, committed 110028K, reserved 1144832K
  class space    used 13901K, capacity 15007K, committed 15052K, reserved 1048576K
}
Event: 28.697 GC heap after
{Heap after GC invocations=53 (full 0):
 garbage-first heap   total 495616K, used 220368K [0x0000000080000000, 0x0000000100000000)
  region size 1024K, 13 young (13312K), 13 survivors (13312K)
 Metaspace       used 106978K, capacity 109760K, committed 110028K, reserved 1144832K
  class space    used 13901K, capacity 15007K, committed 15052K, reserved 1048576K
}
Event: 29.279 GC heap before
{Heap before GC invocations=53 (full 0):
 garbage-first heap   total 495616K, used 431312K [0x0000000080000000, 0x0000000100000000)
  region size 1024K, 218 young (223232K), 13 survivors (13312K)
 Metaspace       used 107548K, capacity 110482K, committed 110668K, reserved 1144832K
  class space    used 13992K, capacity 15150K, committed 15180K, reserved 1048576K
}
Event: 29.300 GC heap after
{Heap after GC invocations=54 (full 0):
 garbage-first heap   total 495616K, used 220112K [0x0000000080000000, 0x0000000100000000)
  region size 1024K, 12 young (12288K), 12 survivors (12288K)
 Metaspace       used 107548K, capacity 110482K, committed 110668K, reserved 1144832K
  class space    used 13992K, capacity 15150K, committed 15180K, reserved 1048576K
}
Event: 29.687 GC heap before
{Heap before GC invocations=54 (full 0):
 garbage-first heap   total 495616K, used 430032K [0x0000000080000000, 0x0000000100000000)
  region size 1024K, 218 young (223232K), 12 survivors (12288K)
 Metaspace       used 107598K, capacity 110563K, committed 110668K, reserved 1144832K
  class space    used 13993K, capacity 15151K, committed 15180K, reserved 1048576K
}
Event: 29.706 GC heap after
{Heap after GC invocations=55 (full 0):
 garbage-first heap   total 495616K, used 220368K [0x0000000080000000, 0x0000000100000000)
  region size 1024K, 13 young (13312K), 13 survivors (13312K)
 Metaspace       used 107598K, capacity 110563K, committed 110668K, reserved 1144832K
  class space    used 13993K, capacity 15151K, committed 15180K, reserved 1048576K
}
Event: 29.988 GC heap before
{Heap before GC invocations=55 (full 0):
 garbage-first heap   total 495616K, used 430288K [0x0000000080000000, 0x0000000100000000)
  region size 1024K, 219 young (224256K), 13 survivors (13312K)
 Metaspace       used 107626K, capacity 110570K, committed 110668K, reserved 1144832K
  class space    used 13993K, capacity 15151K, committed 15180K, reserved 1048576K
}
Event: 30.014 GC heap after
{Heap after GC invocations=56 (full 0):
 garbage-first heap   total 495616K, used 232669K [0x0000000080000000, 0x0000000100000000)
  region size 1024K, 25 young (25600K), 25 survivors (25600K)
 Metaspace       used 107626K, capacity 110570K, committed 110668K, reserved 1144832K
  class space    used 13993K, capacity 15151K, committed 15180K, reserved 1048576K
}
Event: 30.222 GC heap before
{Heap before GC invocations=56 (full 0):
 garbage-first heap   total 495616K, used 419037K [0x0000000080000000, 0x0000000100000000)
  region size 1024K, 207 young (211968K), 25 survivors (25600K)
 Metaspace       used 107633K, capacity 110570K, committed 110668K, reserved 1144832K
  class space    used 13993K, capacity 15151K, committed 15180K, reserved 1048576K
}

