# JRE version: OpenJDK Runtime Environment (11.0.12+7) (build 11.0.12+7-b1504.28-7817840)
# Java VM: OpenJDK 64-Bit Server VM (11.0.12+7-b1504.28-7817840, mixed mode, tiered, compressed oops, g1 gc, windows-amd64)
Heap:
 garbage-first heap   total 634880K, used 193435K [0x0000000080000000, 0x0000000100000000)
  region size 1024K, 12 young (12288K), 12 survivors (12288K)
 Metaspace       used 100474K, capacity 103164K, committed 103296K, reserved 1138688K
  class space    used 13080K, capacity 14155K, committed 14208K, reserved 1048576K
GC Heap History (20 events):
Event: 23.102 GC heap after
{Heap after GC invocations=39 (full 0):
 garbage-first heap   total 220160K, used 109881K [0x0000000080000000, 0x0000000100000000)
  region size 1024K, 5 young (5120K), 5 survivors (5120K)
 Metaspace       used 92931K, capacity 95067K, committed 95744K, reserved 1132544K
  class space    used 11967K, capacity 12772K, committed 13056K, reserved 1048576K
}
Event: 23.236 GC heap before
{Heap before GC invocations=39 (full 0):
 garbage-first heap   total 220160K, used 182584K [0x0000000080000000, 0x0000000100000000)
  region size 1024K, 77 young (78848K), 5 survivors (5120K)
 Metaspace       used 92976K, capacity 95067K, committed 95744K, reserved 1132544K
  class space    used 11967K, capacity 12772K, committed 13056K, reserved 1048576K
}
Event: 23.241 GC heap after
{Heap after GC invocations=40 (full 0):
 garbage-first heap   total 220160K, used 110633K [0x0000000080000000, 0x0000000100000000)
  region size 1024K, 6 young (6144K), 6 survivors (6144K)
 Metaspace       used 92976K, capacity 95067K, committed 95744K, reserved 1132544K
  class space    used 11967K, capacity 12772K, committed 13056K, reserved 1048576K
}
Event: 23.391 GC heap before
{Heap before GC invocations=40 (full 0):
 garbage-first heap   total 220160K, used 183337K [0x0000000080000000, 0x0000000100000000)
  region size 1024K, 78 young (79872K), 6 survivors (6144K)
 Metaspace       used 92980K, capacity 95067K, committed 95744K, reserved 1132544K
  class space    used 11967K, capacity 12772K, committed 13056K, reserved 1048576K
}
Event: 23.398 GC heap after
{Heap after GC invocations=41 (full 0):
 garbage-first heap   total 264192K, used 111994K [0x0000000080000000, 0x0000000100000000)
  region size 1024K, 7 young (7168K), 7 survivors (7168K)
 Metaspace       used 92980K, capacity 95067K, committed 95744K, reserved 1132544K
  class space    used 11967K, capacity 12772K, committed 13056K, reserved 1048576K
}
Event: 23.622 GC heap before
{Heap before GC invocations=42 (full 0):
 garbage-first heap   total 264192K, used 201082K [0x0000000080000000, 0x0000000100000000)
  region size 1024K, 95 young (97280K), 7 survivors (7168K)
 Metaspace       used 92991K, capacity 95067K, committed 95744K, reserved 1132544K
  class space    used 11967K, capacity 12772K, committed 13056K, reserved 1048576K
}
Event: 23.629 GC heap after
{Heap after GC invocations=43 (full 0):
 garbage-first heap   total 264192K, used 111884K [0x0000000080000000, 0x0000000100000000)
  region size 1024K, 7 young (7168K), 7 survivors (7168K)
 Metaspace       used 92991K, capacity 95067K, committed 95744K, reserved 1132544K
  class space    used 11967K, capacity 12772K, committed 13056K, reserved 1048576K
}
Event: 23.798 GC heap before
{Heap before GC invocations=43 (full 0):
 garbage-first heap   total 264192K, used 224524K [0x0000000080000000, 0x0000000100000000)
  region size 1024K, 118 young (120832K), 7 survivors (7168K)
 Metaspace       used 93005K, capacity 95067K, committed 95744K, reserved 1132544K
  class space    used 11967K, capacity 12772K, committed 13056K, reserved 1048576K
}
Event: 23.805 GC heap after
{Heap after GC invocations=44 (full 0):
 garbage-first heap   total 264192K, used 113190K [0x0000000080000000, 0x0000000100000000)
  region size 1024K, 8 young (8192K), 8 survivors (8192K)
 Metaspace       used 93005K, capacity 95067K, committed 95744K, reserved 1132544K
  class space    used 11967K, capacity 12772K, committed 13056K, reserved 1048576K
}
Event: 24.021 GC heap before
{Heap before GC invocations=44 (full 0):
 garbage-first heap   total 264192K, used 224806K [0x0000000080000000, 0x0000000100000000)
  region size 1024K, 118 young (120832K), 8 survivors (8192K)
 Metaspace       used 93009K, capacity 95067K, committed 95744K, reserved 1132544K
  class space    used 11967K, capacity 12772K, committed 13056K, reserved 1048576K
}
Event: 24.027 GC heap after
{Heap after GC invocations=45 (full 0):
 garbage-first heap   total 264192K, used 112241K [0x0000000080000000, 0x0000000100000000)
  region size 1024K, 7 young (7168K), 7 survivors (7168K)
 Metaspace       used 93009K, capacity 95067K, committed 95744K, reserved 1132544K
  class space    used 11967K, capacity 12772K, committed 13056K, reserved 1048576K
}
Event: 24.826 GC heap before
{Heap before GC invocations=45 (full 0):
 garbage-first heap   total 264192K, used 226929K [0x0000000080000000, 0x0000000100000000)
  region size 1024K, 120 young (122880K), 7 survivors (7168K)
 Metaspace       used 93368K, capacity 95441K, committed 96000K, reserved 1132544K
  class space    used 11995K, capacity 12801K, committed 13056K, reserved 1048576K
}
Event: 24.841 GC heap after
{Heap after GC invocations=46 (full 0):
 garbage-first heap   total 317440K, used 114712K [0x0000000080000000, 0x0000000100000000)
  region size 1024K, 11 young (11264K), 11 survivors (11264K)
 Metaspace       used 93368K, capacity 95441K, committed 96000K, reserved 1132544K
  class space    used 11995K, capacity 12801K, committed 13056K, reserved 1048576K
}
Event: 25.626 GC heap before
{Heap before GC invocations=46 (full 0):
 garbage-first heap   total 317440K, used 256024K [0x0000000080000000, 0x0000000100000000)
  region size 1024K, 148 young (151552K), 11 survivors (11264K)
 Metaspace       used 96866K, capacity 99113K, committed 99200K, reserved 1134592K
  class space    used 12510K, capacity 13381K, committed 13440K, reserved 1048576K
}
Event: 25.651 GC heap after
{Heap after GC invocations=47 (full 0):
 garbage-first heap   total 317440K, used 140212K [0x0000000080000000, 0x0000000100000000)
  region size 1024K, 19 young (19456K), 19 survivors (19456K)
 Metaspace       used 96866K, capacity 99113K, committed 99200K, reserved 1134592K
  class space    used 12510K, capacity 13381K, committed 13440K, reserved 1048576K
}
Event: 26.167 GC heap before
{Heap before GC invocations=47 (full 0):
 garbage-first heap   total 317440K, used 253876K [0x0000000080000000, 0x0000000100000000)
  region size 1024K, 130 young (133120K), 19 survivors (19456K)
 Metaspace       used 98715K, capacity 101167K, committed 101248K, reserved 1136640K
  class space    used 12762K, capacity 13676K, committed 13696K, reserved 1048576K
}
Event: 26.199 GC heap after
{Heap after GC invocations=48 (full 0):
 garbage-first heap   total 317440K, used 160732K [0x0000000080000000, 0x0000000100000000)
  region size 1024K, 17 young (17408K), 17 survivors (17408K)
 Metaspace       used 98715K, capacity 101167K, committed 101248K, reserved 1136640K
  class space    used 12762K, capacity 13676K, committed 13696K, reserved 1048576K
}
Event: 26.354 GC heap before
{Heap before GC invocations=48 (full 0):
 garbage-first heap   total 317440K, used 250844K [0x0000000080000000, 0x0000000100000000)
  region size 1024K, 106 young (108544K), 17 survivors (17408K)
 Metaspace       used 100358K, capacity 103029K, committed 103296K, reserved 1138688K
  class space    used 13073K, capacity 14116K, committed 14208K, reserved 1048576K
}
Event: 26.411 GC heap after
{Heap after GC invocations=49 (full 0):
 garbage-first heap   total 317440K, used 178176K [0x0000000080000000, 0x0000000100000000)
  region size 1024K, 14 young (14336K), 14 survivors (14336K)
 Metaspace       used 100358K, capacity 103029K, committed 103296K, reserved 1138688K
  class space    used 13073K, capacity 14116K, committed 14208K, reserved 1048576K
}
Event: 26.543 GC heap before
{Heap before GC invocations=49 (full 0):
 garbage-first heap   total 317440K, used 254976K [0x0000000080000000, 0x0000000100000000)
  region size 1024K, 89 young (91136K), 14 survivors (14336K)
 Metaspace       used 100474K, capacity 103164K, committed 103296K, reserved 1138688K
  class space    used 13080K, capacity 14155K, committed 14208K, reserved 1048576K
}

